<?xml version="1.0" encoding="UTF-8"?>
<testng-results ignored="0" total="3" passed="2" failed="1" skipped="0">
  <reporter-output>
  </reporter-output>
  <suite started-at="2022-02-10T10:58:04 EET" name="Apple Page Test Suite" finished-at="2022-02-10T10:58:18 EET" duration-ms="13718">
    <groups>
    </groups>
    <test started-at="2022-02-10T10:58:04 EET" name="Тестирование Apple страницы" finished-at="2022-02-10T10:58:18 EET" duration-ms="13718">
      <class name="tests.applePageTest.positive.ApplePageTest">
        <test-method signature="checkIsItApplePage()[pri:0, instance:tests.applePageTest.positive.ApplePageTest@42211e04]" started-at="2022-02-10T10:58:04 EET" name="checkIsItApplePage" description="Открытие страницы продукции Apple" finished-at="2022-02-10T10:58:09 EET" duration-ms="5440" status="PASS">
          <reporter-output>
          </reporter-output>
        </test-method> <!-- checkIsItApplePage -->
        <test-method signature="checkThatAllProductsHasAWordAppleInName()[pri:0, instance:tests.applePageTest.positive.ApplePageTest@42211e04]" started-at="2022-02-10T10:58:09 EET" name="checkThatAllProductsHasAWordAppleInName" description="Проверка что все продукты на странице имееют в названии &#039;Apple&#039;" finished-at="2022-02-10T10:58:18 EET" duration-ms="8255" status="PASS">
          <reporter-output>
          </reporter-output>
        </test-method> <!-- checkThatAllProductsHasAWordAppleInName -->
        <test-method is-config="true" signature="clearCookiesAndLocalStorage()[pri:0, instance:tests.applePageTest.positive.ApplePageTest@42211e04]" started-at="2022-02-10T10:58:18 EET" name="clearCookiesAndLocalStorage" description="Очищаем куки и кэш" finished-at="2022-02-10T10:58:18 EET" duration-ms="19" status="PASS">
          <reporter-output>
          </reporter-output>
        </test-method> <!-- clearCookiesAndLocalStorage -->
        <test-method is-config="true" signature="close()[pri:0, instance:tests.applePageTest.positive.ApplePageTest@42211e04]" started-at="2022-02-10T10:58:18 EET" name="close" description="Закрываем браузер" finished-at="2022-02-10T10:58:18 EET" duration-ms="109" status="PASS">
          <reporter-output>
          </reporter-output>
        </test-method> <!-- close -->
      </class> <!-- tests.applePageTest.positive.ApplePageTest -->
    </test> <!-- Тестирование Apple страницы -->
  </suite> <!-- Apple Page Test Suite -->
  <suite started-at="2022-02-10T10:57:54 EET" name="Search Test Suite" finished-at="2022-02-10T10:58:04 EET" duration-ms="9883">
    <groups>
    </groups>
    <test started-at="2022-02-10T10:57:54 EET" name="Тестирование Поиск" finished-at="2022-02-10T10:58:04 EET" duration-ms="9883">
      <class name="tests.search.positive.SearchTest">
        <test-method signature="checkIsRedirectToListing()[pri:0, instance:tests.search.positive.SearchTest@6ace919c]" started-at="2022-02-10T10:57:54 EET" name="checkIsRedirectToListing" description="Проверка перенаправления на страницу с указанным параметром поиска" finished-at="2022-02-10T10:58:04 EET" duration-ms="9794" status="FAIL">
          <exception class="java.lang.AssertionError">
            <message>
              <![CDATA[expected [Результаты поиска - «iPhone»] but found [Результаты поиска - «itemToSearch»]]]>
            </message>
            <full-stacktrace>
              <![CDATA[java.lang.AssertionError: expected [Результаты поиска - «iPhone»] but found [Результаты поиска - «itemToSearch»]
at org.testng.Assert.fail(Assert.java:110)
at org.testng.Assert.failNotEquals(Assert.java:1413)
at org.testng.Assert.assertEqualsImpl(Assert.java:149)
at org.testng.Assert.assertEquals(Assert.java:131)
at org.testng.Assert.assertEquals(Assert.java:655)
at org.testng.Assert.assertEquals(Assert.java:665)
at pages.listing.TouchListingPage.checkSearchingResult(TouchListingPage.java:35)
at tests.search.positive.SearchTest.checkIsRedirectToListing(SearchTest.java:24)
at java.base/jdk.internal.reflect.NativeMethodAccessorImpl.invoke0(Native Method)
at java.base/jdk.internal.reflect.NativeMethodAccessorImpl.invoke(NativeMethodAccessorImpl.java:77)
at java.base/jdk.internal.reflect.DelegatingMethodAccessorImpl.invoke(DelegatingMethodAccessorImpl.java:43)
at java.base/java.lang.reflect.Method.invoke(Method.java:568)
at org.testng.internal.invokers.MethodInvocationHelper.invokeMethod(MethodInvocationHelper.java:135)
at org.testng.internal.invokers.TestInvoker.invokeMethod(TestInvoker.java:673)
at org.testng.internal.invokers.TestInvoker.invokeTestMethod(TestInvoker.java:220)
at org.testng.internal.invokers.MethodRunner.runInSequence(MethodRunner.java:50)
at org.testng.internal.invokers.TestInvoker$MethodInvocationAgent.invoke(TestInvoker.java:945)
at org.testng.internal.invokers.TestInvoker.invokeTestMethods(TestInvoker.java:193)
at org.testng.internal.invokers.TestMethodWorker.invokeTestMethods(TestMethodWorker.java:146)
at org.testng.internal.invokers.TestMethodWorker.run(TestMethodWorker.java:128)
at java.base/java.util.ArrayList.forEach(ArrayList.java:1511)
at org.testng.TestRunner.privateRun(TestRunner.java:808)
at org.testng.TestRunner.run(TestRunner.java:603)
at org.testng.SuiteRunner.runTest(SuiteRunner.java:429)
at org.testng.SuiteRunner.runSequentially(SuiteRunner.java:423)
at org.testng.SuiteRunner.privateRun(SuiteRunner.java:383)
at org.testng.SuiteRunner.run(SuiteRunner.java:326)
at org.testng.SuiteRunnerWorker.runSuite(SuiteRunnerWorker.java:52)
at org.testng.SuiteRunnerWorker.run(SuiteRunnerWorker.java:95)
at org.testng.TestNG.runSuitesSequentially(TestNG.java:1249)
at org.testng.TestNG.runSuitesSequentially(TestNG.java:1244)
at org.testng.TestNG.runSuitesLocally(TestNG.java:1169)
at org.testng.TestNG.runSuites(TestNG.java:1092)
at org.testng.TestNG.run(TestNG.java:1060)
at org.apache.maven.surefire.testng.TestNGExecutor.run(TestNGExecutor.java:284)
at org.apache.maven.surefire.testng.TestNGXmlTestSuite.execute(TestNGXmlTestSuite.java:75)
at org.apache.maven.surefire.testng.TestNGProvider.invoke(TestNGProvider.java:119)
at org.apache.maven.surefire.booter.ForkedBooter.runSuitesInProcess(ForkedBooter.java:428)
at org.apache.maven.surefire.booter.ForkedBooter.execute(ForkedBooter.java:162)
at org.apache.maven.surefire.booter.ForkedBooter.run(ForkedBooter.java:562)
at org.apache.maven.surefire.booter.ForkedBooter.main(ForkedBooter.java:548)
]]>
            </full-stacktrace>
          </exception> <!-- java.lang.AssertionError -->
          <reporter-output>
          </reporter-output>
        </test-method> <!-- checkIsRedirectToListing -->
        <test-method is-config="true" signature="clearCookiesAndLocalStorage()[pri:0, instance:tests.search.positive.SearchTest@6ace919c]" started-at="2022-02-10T10:58:04 EET" name="clearCookiesAndLocalStorage" description="Очищаем куки и кэш" finished-at="2022-02-10T10:58:04 EET" duration-ms="20" status="PASS">
          <reporter-output>
          </reporter-output>
        </test-method> <!-- clearCookiesAndLocalStorage -->
        <test-method is-config="true" signature="close()[pri:0, instance:tests.search.positive.SearchTest@6ace919c]" started-at="2022-02-10T10:58:04 EET" name="close" description="Закрываем браузер" finished-at="2022-02-10T10:58:04 EET" duration-ms="120" status="PASS">
          <reporter-output>
          </reporter-output>
        </test-method> <!-- close -->
      </class> <!-- tests.search.positive.SearchTest -->
    </test> <!-- Тестирование Поиск -->
  </suite> <!-- Search Test Suite -->
  <suite started-at="2022-02-10T10:58:18 EET" name="All Test Suite" finished-at="2022-02-10T10:58:18 EET" duration-ms="0">
    <groups>
    </groups>
  </suite> <!-- All Test Suite -->
</testng-results>
